android/app/build/intermediates/manifest_merge_blame_file/debug/manifest-merger-blame-debug-report.txt
1<?xml version="1.0" encoding="utf-8"?>
2<manifest xmlns:android="http://schemas.android.com/apk/res/android"
3    package="com.biscato.app"
4    android:versionCode="1"
5    android:versionName="1.0.0" >
6
7    <uses-sdk
8        android:minSdkVersion="21"
9        android:targetSdkVersion="33" />
10
11    <uses-permission android:name="android.permission.SYSTEM_ALERT_WINDOW" />
11-->src\main\AndroidManifest.xml:8:3-75
11-->src\main\AndroidManifest.xml:8:20-73
12    <uses-permission android:name="android.permission.ACCESS_COARSE_LOCATION" />
12-->src\main\AndroidManifest.xml:2:3-78
12-->src\main\AndroidManifest.xml:2:20-76
13    <uses-permission android:name="android.permission.ACCESS_FINE_LOCATION" />
13-->src\main\AndroidManifest.xml:3:3-76
13-->src\main\AndroidManifest.xml:3:20-74
14    <uses-permission android:name="android.permission.FOREGROUND_SERVICE" />
14-->src\main\AndroidManifest.xml:4:3-74
14-->src\main\AndroidManifest.xml:4:20-72
15    <uses-permission android:name="android.permission.INTERNET" />
15-->src\main\AndroidManifest.xml:5:3-64
15-->src\main\AndroidManifest.xml:5:20-62
16    <uses-permission android:name="android.permission.READ_EXTERNAL_STORAGE" />
16-->src\main\AndroidManifest.xml:6:3-77
16-->src\main\AndroidManifest.xml:6:20-75
17    <uses-permission android:name="android.permission.RECORD_AUDIO" />
17-->src\main\AndroidManifest.xml:7:3-68
17-->src\main\AndroidManifest.xml:7:20-66
18    <uses-permission android:name="android.permission.VIBRATE" />
18-->src\main\AndroidManifest.xml:9:3-63
18-->src\main\AndroidManifest.xml:9:20-61
19    <uses-permission android:name="android.permission.WRITE_EXTERNAL_STORAGE" />
19-->src\main\AndroidManifest.xml:10:3-78
19-->src\main\AndroidManifest.xml:10:20-76
20
21    <queries>
21-->src\main\AndroidManifest.xml:11:3-17:13
22        <intent>
22-->src\main\AndroidManifest.xml:12:5-16:14
23            <action android:name="android.intent.action.VIEW" />
23-->src\main\AndroidManifest.xml:13:7-58
23-->src\main\AndroidManifest.xml:13:15-56
24
25            <category android:name="android.intent.category.BROWSABLE" />
25-->src\main\AndroidManifest.xml:14:7-67
25-->src\main\AndroidManifest.xml:14:17-65
26
27            <data android:scheme="https" />
27-->src\main\AndroidManifest.xml:15:7-37
27-->src\main\AndroidManifest.xml:15:13-35
28        </intent>
29
30        <package android:name="host.exp.exponent" /> <!-- Query open documents -->
30-->[:expo-dev-launcher] AndroidManifest.xml:8:9-53
30-->[:expo-dev-launcher] AndroidManifest.xml:8:18-50
31        <intent>
31-->[:expo-file-system] AndroidManifest.xml:15:9-17:18
32            <action android:name="android.intent.action.OPEN_DOCUMENT_TREE" />
32-->[:expo-file-system] AndroidManifest.xml:16:13-79
32-->[:expo-file-system] AndroidManifest.xml:16:21-76
33        </intent>
34        <intent>
34-->[:expo-image-picker] AndroidManifest.xml:16:9-20:18
35
36            <!-- Required for picking images from the camera roll if targeting API 30 -->
37            <action android:name="android.media.action.IMAGE_CAPTURE" />
37-->[:expo-image-picker] AndroidManifest.xml:19:13-73
37-->[:expo-image-picker] AndroidManifest.xml:19:21-70
38        </intent>
39        <intent>
39-->[:expo-image-picker] AndroidManifest.xml:21:9-25:18
40
41            <!-- Required for picking images from the camera if targeting API 30 -->
42            <action android:name="android.media.action.ACTION_VIDEO_CAPTURE" />
42-->[:expo-image-picker] AndroidManifest.xml:24:13-80
42-->[:expo-image-picker] AndroidManifest.xml:24:21-77
43        </intent>
44        <intent>
44-->[com.github.CanHub:Android-Image-Cropper:4.3.0] AndroidManifest.xml:10:9-16:18
45            <action android:name="android.intent.action.GET_CONTENT" />
45-->[com.github.CanHub:Android-Image-Cropper:4.3.0] AndroidManifest.xml:11:13-72
45-->[com.github.CanHub:Android-Image-Cropper:4.3.0] AndroidManifest.xml:11:21-69
46
47            <category android:name="android.intent.category.OPENABLE" />
47-->[com.github.CanHub:Android-Image-Cropper:4.3.0] AndroidManifest.xml:13:13-73
47-->[com.github.CanHub:Android-Image-Cropper:4.3.0] AndroidManifest.xml:13:23-70
48
49            <data android:mimeType="*/*" />
49-->src\main\AndroidManifest.xml:15:7-37
50        </intent> <!-- Needs to be explicitly declared on Android R+ -->
51        <package android:name="com.google.android.apps.maps" />
51-->[com.google.android.gms:play-services-maps:18.0.2] AndroidManifest.xml:33:9-64
51-->[com.google.android.gms:play-services-maps:18.0.2] AndroidManifest.xml:33:18-61
52    </queries>
53
54    <uses-permission android:name="android.permission.ACCESS_WIFI_STATE" />
54-->[com.facebook.flipper:flipper:0.125.0] AndroidManifest.xml:16:5-76
54-->[com.facebook.flipper:flipper:0.125.0] AndroidManifest.xml:16:22-73
55    <uses-permission android:name="android.permission.ACCESS_NETWORK_STATE" /> <!-- Required for picking images from camera directly -->
55-->[:expo-updates] AndroidManifest.xml:7:5-79
55-->[:expo-updates] AndroidManifest.xml:7:22-76
56    <uses-permission android:name="android.permission.CAMERA" />
56-->[:expo-image-picker] AndroidManifest.xml:7:5-65
56-->[:expo-image-picker] AndroidManifest.xml:7:22-62
57    <uses-permission android:name="android.permission.READ_MEDIA_IMAGES" />
57-->[:expo-image-picker] AndroidManifest.xml:12:5-76
57-->[:expo-image-picker] AndroidManifest.xml:12:22-73
58    <uses-permission android:name="android.permission.READ_MEDIA_VIDEO" />
58-->[:expo-image-picker] AndroidManifest.xml:13:5-75
58-->[:expo-image-picker] AndroidManifest.xml:13:22-72
59    <uses-permission android:name="android.permission.RECEIVE_BOOT_COMPLETED" />
59-->[:expo-notifications] AndroidManifest.xml:7:5-81
59-->[:expo-notifications] AndroidManifest.xml:7:22-78
60    <uses-permission android:name="android.permission.POST_NOTIFICATIONS" />
60-->[:expo-notifications] AndroidManifest.xml:8:5-77
60-->[:expo-notifications] AndroidManifest.xml:8:22-74
61    <uses-permission android:name="android.permission.USE_BIOMETRIC" /> <!-- suppress DeprecatedClassUsageInspection -->
61-->[androidx.biometric:biometric:1.1.0] AndroidManifest.xml:24:5-72
61-->[androidx.biometric:biometric:1.1.0] AndroidManifest.xml:24:22-69
62    <uses-permission android:name="android.permission.USE_FINGERPRINT" />
62-->[androidx.biometric:biometric:1.1.0] AndroidManifest.xml:27:5-74
62-->[androidx.biometric:biometric:1.1.0] AndroidManifest.xml:27:22-71
63    <uses-permission android:name="android.permission.WAKE_LOCK" />
63-->[androidx.work:work-runtime:2.7.1] AndroidManifest.xml:25:5-68
63-->[androidx.work:work-runtime:2.7.1] AndroidManifest.xml:25:22-65
64
65    <uses-feature
65-->[com.google.android.gms:play-services-maps:18.0.2] AndroidManifest.xml:26:5-28:35
66        android:glEsVersion="0x00020000"
66-->[com.google.android.gms:play-services-maps:18.0.2] AndroidManifest.xml:27:9-41
67        android:required="true" /> <!-- Required by older versions of Google Play services to create IID tokens -->
67-->[com.google.android.gms:play-services-maps:18.0.2] AndroidManifest.xml:28:9-32
68    <uses-permission android:name="com.google.android.c2dm.permission.RECEIVE" />
68-->[com.google.firebase:firebase-messaging:22.0.0] AndroidManifest.xml:25:5-82
68-->[com.google.firebase:firebase-messaging:22.0.0] AndroidManifest.xml:25:22-79
69    <uses-permission android:name="com.google.android.finsky.permission.BIND_GET_INSTALL_REFERRER_SERVICE" />
69-->[com.android.installreferrer:installreferrer:1.0] AndroidManifest.xml:9:5-110
69-->[com.android.installreferrer:installreferrer:1.0] AndroidManifest.xml:9:22-107
70    <uses-permission android:name="com.google.android.providers.gsf.permission.READ_GSERVICES" />
70-->[io.nlopez.smartlocation:library:3.2.11] AndroidManifest.xml:15:5-98
70-->[io.nlopez.smartlocation:library:3.2.11] AndroidManifest.xml:15:22-95
71    <uses-permission android:name="com.google.android.gms.permission.ACTIVITY_RECOGNITION" /> <!-- for android -->
71-->[io.nlopez.smartlocation:library:3.2.11] AndroidManifest.xml:16:5-94
71-->[io.nlopez.smartlocation:library:3.2.11] AndroidManifest.xml:16:22-91
72    <!-- <uses-permission android:name="com.android.launcher.permission.READ_SETTINGS"/> -->
73    <!-- <uses-permission android:name="com.android.launcher.permission.WRITE_SETTINGS"/> -->
74    <!-- <uses-permission android:name="com.android.launcher.permission.INSTALL_SHORTCUT" /> -->
75    <!-- <uses-permission android:name="com.android.launcher.permission.UNINSTALL_SHORTCUT" /> -->
76    <!-- for Samsung -->
77    <uses-permission android:name="com.sec.android.provider.badge.permission.READ" />
77-->[me.leolin:ShortcutBadger:1.1.22] AndroidManifest.xml:19:5-86
77-->[me.leolin:ShortcutBadger:1.1.22] AndroidManifest.xml:19:22-83
78    <uses-permission android:name="com.sec.android.provider.badge.permission.WRITE" /> <!-- for htc -->
78-->[me.leolin:ShortcutBadger:1.1.22] AndroidManifest.xml:20:5-87
78-->[me.leolin:ShortcutBadger:1.1.22] AndroidManifest.xml:20:22-84
79    <uses-permission android:name="com.htc.launcher.permission.READ_SETTINGS" />
79-->[me.leolin:ShortcutBadger:1.1.22] AndroidManifest.xml:23:5-81
79-->[me.leolin:ShortcutBadger:1.1.22] AndroidManifest.xml:23:22-78
80    <uses-permission android:name="com.htc.launcher.permission.UPDATE_SHORTCUT" /> <!-- for sony -->
80-->[me.leolin:ShortcutBadger:1.1.22] AndroidManifest.xml:24:5-83
80-->[me.leolin:ShortcutBadger:1.1.22] AndroidManifest.xml:24:22-80
81    <uses-permission android:name="com.sonyericsson.home.permission.BROADCAST_BADGE" />
81-->[me.leolin:ShortcutBadger:1.1.22] AndroidManifest.xml:27:5-88
81-->[me.leolin:ShortcutBadger:1.1.22] AndroidManifest.xml:27:22-85
82    <uses-permission android:name="com.sonymobile.home.permission.PROVIDER_INSERT_BADGE" /> <!-- for apex -->
82-->[me.leolin:ShortcutBadger:1.1.22] AndroidManifest.xml:28:5-92
82-->[me.leolin:ShortcutBadger:1.1.22] AndroidManifest.xml:28:22-89
83    <uses-permission android:name="com.anddoes.launcher.permission.UPDATE_COUNT" /> <!-- for solid -->
83-->[me.leolin:ShortcutBadger:1.1.22] AndroidManifest.xml:31:5-84
83-->[me.leolin:ShortcutBadger:1.1.22] AndroidManifest.xml:31:22-81
84    <uses-permission android:name="com.majeur.launcher.permission.UPDATE_BADGE" /> <!-- for huawei -->
84-->[me.leolin:ShortcutBadger:1.1.22] AndroidManifest.xml:34:5-83
84-->[me.leolin:ShortcutBadger:1.1.22] AndroidManifest.xml:34:22-80
85    <uses-permission android:name="com.huawei.android.launcher.permission.CHANGE_BADGE" />
85-->[me.leolin:ShortcutBadger:1.1.22] AndroidManifest.xml:37:5-91
85-->[me.leolin:ShortcutBadger:1.1.22] AndroidManifest.xml:37:22-88
86    <uses-permission android:name="com.huawei.android.launcher.permission.READ_SETTINGS" />
86-->[me.leolin:ShortcutBadger:1.1.22] AndroidManifest.xml:38:5-92
86-->[me.leolin:ShortcutBadger:1.1.22] AndroidManifest.xml:38:22-89
87    <uses-permission android:name="com.huawei.android.launcher.permission.WRITE_SETTINGS" /> <!-- for ZUK -->
87-->[me.leolin:ShortcutBadger:1.1.22] AndroidManifest.xml:39:5-93
87-->[me.leolin:ShortcutBadger:1.1.22] AndroidManifest.xml:39:22-90
88    <uses-permission android:name="android.permission.READ_APP_BADGE" /> <!-- for OPPO -->
88-->[me.leolin:ShortcutBadger:1.1.22] AndroidManifest.xml:42:5-73
88-->[me.leolin:ShortcutBadger:1.1.22] AndroidManifest.xml:42:22-70
89    <uses-permission android:name="com.oppo.launcher.permission.READ_SETTINGS" />
89-->[me.leolin:ShortcutBadger:1.1.22] AndroidManifest.xml:45:5-82
89-->[me.leolin:ShortcutBadger:1.1.22] AndroidManifest.xml:45:22-79
90    <uses-permission android:name="com.oppo.launcher.permission.WRITE_SETTINGS" /> <!-- for EvMe -->
90-->[me.leolin:ShortcutBadger:1.1.22] AndroidManifest.xml:46:5-83
90-->[me.leolin:ShortcutBadger:1.1.22] AndroidManifest.xml:46:22-80
91    <uses-permission android:name="me.everything.badger.permission.BADGE_COUNT_READ" />
91-->[me.leolin:ShortcutBadger:1.1.22] AndroidManifest.xml:49:5-88
91-->[me.leolin:ShortcutBadger:1.1.22] AndroidManifest.xml:49:22-85
92    <uses-permission android:name="me.everything.badger.permission.BADGE_COUNT_WRITE" />
92-->[me.leolin:ShortcutBadger:1.1.22] AndroidManifest.xml:50:5-89
92-->[me.leolin:ShortcutBadger:1.1.22] AndroidManifest.xml:50:22-86
93
94    <application
94-->src\main\AndroidManifest.xml:18:3-39:17
95        android:name="com.biscato.app.MainApplication"
95-->src\main\AndroidManifest.xml:18:16-47
96        android:allowBackup="true"
96-->src\main\AndroidManifest.xml:18:116-142
97        android:appComponentFactory="androidx.core.app.CoreComponentFactory"
97-->[androidx.core:core:1.7.0] AndroidManifest.xml:24:18-86
98        android:debuggable="true"
99        android:icon="@mipmap/ic_launcher"
99-->src\main\AndroidManifest.xml:18:81-115
100        android:label="@string/app_name"
100-->src\main\AndroidManifest.xml:18:48-80
101        android:theme="@style/AppTheme"
101-->src\main\AndroidManifest.xml:18:143-174
102        android:usesCleartextTraffic="true" >
102-->src\main\AndroidManifest.xml:18:175-210
103        <meta-data
103-->src\main\AndroidManifest.xml:19:5-82
104            android:name="expo.modules.updates.ENABLED"
104-->src\main\AndroidManifest.xml:19:16-59
105            android:value="true" />
105-->src\main\AndroidManifest.xml:19:60-80
106        <meta-data
106-->src\main\AndroidManifest.xml:20:5-93
107            android:name="expo.modules.updates.EXPO_SDK_VERSION"
107-->src\main\AndroidManifest.xml:20:16-68
108            android:value="48.0.0" />
108-->src\main\AndroidManifest.xml:20:69-91
109        <meta-data
109-->src\main\AndroidManifest.xml:21:5-105
110            android:name="expo.modules.updates.EXPO_UPDATES_CHECK_ON_LAUNCH"
110-->src\main\AndroidManifest.xml:21:16-80
111            android:value="ALWAYS" />
111-->src\main\AndroidManifest.xml:21:81-103
112        <meta-data
112-->src\main\AndroidManifest.xml:22:5-99
113            android:name="expo.modules.updates.EXPO_UPDATES_LAUNCH_WAIT_MS"
113-->src\main\AndroidManifest.xml:22:16-79
114            android:value="0" />
114-->src\main\AndroidManifest.xml:22:80-97
115        <meta-data
115-->src\main\AndroidManifest.xml:23:5-122
116            android:name="expo.modules.updates.EXPO_UPDATE_URL"
116-->src\main\AndroidManifest.xml:23:16-67
117            android:value="https://exp.host/@miguelbuca/Biscato" />
117-->src\main\AndroidManifest.xml:23:68-120
118
119        <activity
119-->src\main\AndroidManifest.xml:24:5-37:16
120            android:name="com.biscato.app.MainActivity"
120-->src\main\AndroidManifest.xml:24:15-43
121            android:configChanges="keyboard|keyboardHidden|orientation|screenSize|uiMode"
121-->src\main\AndroidManifest.xml:24:77-154
122            android:exported="true"
122-->src\main\AndroidManifest.xml:24:276-299
123            android:label="@string/app_name"
123-->src\main\AndroidManifest.xml:24:44-76
124            android:launchMode="singleTask"
124-->src\main\AndroidManifest.xml:24:155-186
125            android:screenOrientation="portrait"
125-->src\main\AndroidManifest.xml:24:300-336
126            android:theme="@style/Theme.App.SplashScreen"
126-->src\main\AndroidManifest.xml:24:230-275
127            android:windowSoftInputMode="adjustResize" >
127-->src\main\AndroidManifest.xml:24:187-229
128            <intent-filter>
128-->src\main\AndroidManifest.xml:25:7-28:23
129                <action android:name="android.intent.action.MAIN" />
129-->src\main\AndroidManifest.xml:26:9-60
129-->src\main\AndroidManifest.xml:26:17-58
130
131                <category android:name="android.intent.category.LAUNCHER" />
131-->src\main\AndroidManifest.xml:27:9-68
131-->src\main\AndroidManifest.xml:27:19-66
132            </intent-filter>
133            <intent-filter>
133-->src\main\AndroidManifest.xml:29:7-36:23
134                <action android:name="android.intent.action.VIEW" />
134-->src\main\AndroidManifest.xml:13:7-58
134-->src\main\AndroidManifest.xml:13:15-56
135
136                <category android:name="android.intent.category.DEFAULT" />
136-->src\main\AndroidManifest.xml:31:9-67
136-->src\main\AndroidManifest.xml:31:19-65
137                <category android:name="android.intent.category.BROWSABLE" />
137-->src\main\AndroidManifest.xml:14:7-67
137-->src\main\AndroidManifest.xml:14:17-65
138
139                <data android:scheme="acme" />
139-->src\main\AndroidManifest.xml:15:7-37
139-->src\main\AndroidManifest.xml:15:13-35
140                <data android:scheme="com.biscato.app" />
140-->src\main\AndroidManifest.xml:15:7-37
140-->src\main\AndroidManifest.xml:15:13-35
141                <data android:scheme="exp+biscato" />
141-->src\main\AndroidManifest.xml:15:7-37
141-->src\main\AndroidManifest.xml:15:13-35
142            </intent-filter>
143        </activity>
144        <activity
144-->src\main\AndroidManifest.xml:38:5-106
145            android:name="com.facebook.react.devsupport.DevSettingsActivity"
145-->src\main\AndroidManifest.xml:38:15-79
146            android:exported="false" />
146-->src\main\AndroidManifest.xml:38:80-104
147
148        <meta-data
148-->[:expo-dev-launcher] AndroidManifest.xml:12:9-14:37
149            android:name="expo.modules.updates.AUTO_SETUP"
149-->[:expo-dev-launcher] AndroidManifest.xml:13:13-59
150            android:value="false" />
150-->[:expo-dev-launcher] AndroidManifest.xml:14:13-34
151
152        <activity
152-->[:expo-dev-launcher] AndroidManifest.xml:16:9-29:20
153            android:name="expo.modules.devlauncher.launcher.DevLauncherActivity"
153-->[:expo-dev-launcher] AndroidManifest.xml:17:13-81
154            android:exported="true"
154-->[:expo-dev-launcher] AndroidManifest.xml:18:13-36
155            android:launchMode="singleTask"
155-->[:expo-dev-launcher] AndroidManifest.xml:19:13-44
156            android:theme="@style/Theme.DevLauncher.LauncherActivity" >
156-->[:expo-dev-launcher] AndroidManifest.xml:20:13-70
157            <intent-filter>
157-->[:expo-dev-launcher] AndroidManifest.xml:21:13-28:29
158                <action android:name="android.intent.action.VIEW" />
158-->src\main\AndroidManifest.xml:13:7-58
158-->src\main\AndroidManifest.xml:13:15-56
159
160                <category android:name="android.intent.category.DEFAULT" />
160-->src\main\AndroidManifest.xml:31:9-67
160-->src\main\AndroidManifest.xml:31:19-65
161                <category android:name="android.intent.category.BROWSABLE" />
161-->src\main\AndroidManifest.xml:14:7-67
161-->src\main\AndroidManifest.xml:14:17-65
162
163                <data android:scheme="expo-dev-launcher" />
163-->src\main\AndroidManifest.xml:15:7-37
163-->src\main\AndroidManifest.xml:15:13-35
164            </intent-filter>
165        </activity>
166        <activity
166-->[:expo-dev-launcher] AndroidManifest.xml:30:9-33:70
167            android:name="expo.modules.devlauncher.launcher.errors.DevLauncherErrorActivity"
167-->[:expo-dev-launcher] AndroidManifest.xml:31:13-93
168            android:screenOrientation="portrait"
168-->[:expo-dev-launcher] AndroidManifest.xml:32:13-49
169            android:theme="@style/Theme.DevLauncher.ErrorActivity" />
169-->[:expo-dev-launcher] AndroidManifest.xml:33:13-67
170        <activity
170-->[:expo-dev-menu] AndroidManifest.xml:8:9-21:20
171            android:name="expo.modules.devmenu.DevMenuActivity"
171-->[:expo-dev-menu] AndroidManifest.xml:9:13-64
172            android:exported="true"
172-->[:expo-dev-menu] AndroidManifest.xml:10:13-36
173            android:launchMode="singleTask"
173-->[:expo-dev-menu] AndroidManifest.xml:11:13-44
174            android:theme="@style/Theme.AppCompat.Transparent.NoActionBar" >
174-->[:expo-dev-menu] AndroidManifest.xml:12:13-75
175            <intent-filter>
175-->[:expo-dev-menu] AndroidManifest.xml:13:13-20:29
176                <action android:name="android.intent.action.VIEW" />
176-->src\main\AndroidManifest.xml:13:7-58
176-->src\main\AndroidManifest.xml:13:15-56
177
178                <category android:name="android.intent.category.DEFAULT" />
178-->src\main\AndroidManifest.xml:31:9-67
178-->src\main\AndroidManifest.xml:31:19-65
179                <category android:name="android.intent.category.BROWSABLE" />
179-->src\main\AndroidManifest.xml:14:7-67
179-->src\main\AndroidManifest.xml:14:17-65
180
181                <data android:scheme="expo-dev-menu" />
181-->src\main\AndroidManifest.xml:15:7-37
181-->src\main\AndroidManifest.xml:15:13-35
182            </intent-filter>
183        </activity>
184
185        <provider
185-->[:expo-file-system] AndroidManifest.xml:21:9-30:20
186            android:name="expo.modules.filesystem.FileSystemFileProvider"
186-->[:expo-file-system] AndroidManifest.xml:22:13-74
187            android:authorities="com.biscato.app.FileSystemFileProvider"
187-->[:expo-file-system] AndroidManifest.xml:23:13-74
188            android:exported="false"
188-->[:expo-file-system] AndroidManifest.xml:24:13-37
189            android:grantUriPermissions="true" >
189-->[:expo-file-system] AndroidManifest.xml:25:13-47
190            <meta-data
190-->[:expo-file-system] AndroidManifest.xml:27:13-29:70
191                android:name="android.support.FILE_PROVIDER_PATHS"
191-->[:expo-file-system] AndroidManifest.xml:28:17-67
192                android:resource="@xml/file_system_provider_paths" />
192-->[:expo-file-system] AndroidManifest.xml:29:17-67
193        </provider>
194
195        <activity
195-->[:expo-image-picker] AndroidManifest.xml:29:9-31:59
196            android:name="com.canhub.cropper.CropImageActivity"
196-->[:expo-image-picker] AndroidManifest.xml:30:13-64
197            android:exported="true"
197-->[com.github.CanHub:Android-Image-Cropper:4.3.0] AndroidManifest.xml:35:13-36
198            android:theme="@style/Base.Theme.AppCompat" /> <!-- https://developer.android.com/guide/topics/manifest/provider-element.html -->
198-->[:expo-image-picker] AndroidManifest.xml:31:13-56
199        <provider
199-->[:expo-image-picker] AndroidManifest.xml:33:9-41:20
200            android:name="expo.modules.imagepicker.fileprovider.ImagePickerFileProvider"
200-->[:expo-image-picker] AndroidManifest.xml:34:13-89
201            android:authorities="com.biscato.app.ImagePickerFileProvider"
201-->[:expo-image-picker] AndroidManifest.xml:35:13-75
202            android:exported="false"
202-->[:expo-image-picker] AndroidManifest.xml:36:13-37
203            android:grantUriPermissions="true" >
203-->[:expo-image-picker] AndroidManifest.xml:37:13-47
204            <meta-data
204-->[:expo-file-system] AndroidManifest.xml:27:13-29:70
205                android:name="android.support.FILE_PROVIDER_PATHS"
205-->[:expo-file-system] AndroidManifest.xml:28:17-67
206                android:resource="@xml/image_picker_provider_paths" />
206-->[:expo-file-system] AndroidManifest.xml:29:17-67
207        </provider>
208
209        <service
209-->[:expo-location] AndroidManifest.xml:12:9-15:56
210            android:name="expo.modules.location.services.LocationTaskService"
210-->[:expo-location] AndroidManifest.xml:13:13-78
211            android:exported="false"
211-->[:expo-location] AndroidManifest.xml:14:13-37
212            android:foregroundServiceType="location" />
212-->[:expo-location] AndroidManifest.xml:15:13-53
213        <service
213-->[:expo-notifications] AndroidManifest.xml:11:9-17:19
214            android:name="expo.modules.notifications.service.ExpoFirebaseMessagingService"
214-->[:expo-notifications] AndroidManifest.xml:12:13-91
215            android:exported="false" >
215-->[:expo-notifications] AndroidManifest.xml:13:13-37
216            <intent-filter android:priority="-1" >
216-->[:expo-notifications] AndroidManifest.xml:14:13-16:29
216-->[:expo-notifications] AndroidManifest.xml:14:28-49
217                <action android:name="com.google.firebase.MESSAGING_EVENT" />
217-->[:expo-notifications] AndroidManifest.xml:15:17-78
217-->[:expo-notifications] AndroidManifest.xml:15:25-75
218            </intent-filter>
219        </service>
220
221        <receiver
221-->[:expo-notifications] AndroidManifest.xml:19:9-31:20
222            android:name="expo.modules.notifications.service.NotificationsService"
222-->[:expo-notifications] AndroidManifest.xml:20:13-83
223            android:enabled="true"
223-->[:expo-notifications] AndroidManifest.xml:21:13-35
224            android:exported="false" >
224-->[:expo-notifications] AndroidManifest.xml:22:13-37
225            <intent-filter android:priority="-1" >
225-->[:expo-notifications] AndroidManifest.xml:23:13-30:29
225-->[:expo-notifications] AndroidManifest.xml:23:28-49
226                <action android:name="expo.modules.notifications.NOTIFICATION_EVENT" />
226-->[:expo-notifications] AndroidManifest.xml:24:17-88
226-->[:expo-notifications] AndroidManifest.xml:24:25-85
227                <action android:name="android.intent.action.BOOT_COMPLETED" />
227-->[:expo-notifications] AndroidManifest.xml:25:17-79
227-->[:expo-notifications] AndroidManifest.xml:25:25-76
228                <action android:name="android.intent.action.REBOOT" />
228-->[:expo-notifications] AndroidManifest.xml:26:17-71
228-->[:expo-notifications] AndroidManifest.xml:26:25-68
229                <action android:name="android.intent.action.QUICKBOOT_POWERON" />
229-->[:expo-notifications] AndroidManifest.xml:27:17-82
229-->[:expo-notifications] AndroidManifest.xml:27:25-79
230                <action android:name="com.htc.intent.action.QUICKBOOT_POWERON" />
230-->[:expo-notifications] AndroidManifest.xml:28:17-82
230-->[:expo-notifications] AndroidManifest.xml:28:25-79
231                <action android:name="android.intent.action.MY_PACKAGE_REPLACED" />
231-->[:expo-notifications] AndroidManifest.xml:29:17-84
231-->[:expo-notifications] AndroidManifest.xml:29:25-81
232            </intent-filter>
233        </receiver>
234
235        <activity
235-->[:expo-notifications] AndroidManifest.xml:33:9-40:75
236            android:name="expo.modules.notifications.service.NotificationForwarderActivity"
236-->[:expo-notifications] AndroidManifest.xml:34:13-92
237            android:excludeFromRecents="true"
237-->[:expo-notifications] AndroidManifest.xml:35:13-46
238            android:exported="false"
238-->[:expo-notifications] AndroidManifest.xml:36:13-37
239            android:launchMode="standard"
239-->[:expo-notifications] AndroidManifest.xml:37:13-42
240            android:noHistory="true"
240-->[:expo-notifications] AndroidManifest.xml:38:13-37
241            android:taskAffinity=""
241-->[:expo-notifications] AndroidManifest.xml:39:13-36
242            android:theme="@android:style/Theme.Translucent.NoTitleBar" />
242-->[:expo-notifications] AndroidManifest.xml:40:13-72
243
244        <meta-data
244-->[:expo-modules-core] AndroidManifest.xml:8:9-10:89
245            android:name="org.unimodules.core.AppLoader#react-native-headless"
245-->[:expo-modules-core] AndroidManifest.xml:9:13-79
246            android:value="expo.modules.adapters.react.apploader.RNHeadlessAppLoader" />
246-->[:expo-modules-core] AndroidManifest.xml:10:13-86
247
248        <provider
248-->[com.github.CanHub:Android-Image-Cropper:4.3.0] AndroidManifest.xml:23:9-31:20
249            android:name="com.canhub.cropper.CropFileProvider"
249-->[com.github.CanHub:Android-Image-Cropper:4.3.0] AndroidManifest.xml:24:13-63
250            android:authorities="com.biscato.app.cropper.fileprovider"
250-->[com.github.CanHub:Android-Image-Cropper:4.3.0] AndroidManifest.xml:25:13-72
251            android:exported="false"
251-->[com.github.CanHub:Android-Image-Cropper:4.3.0] AndroidManifest.xml:26:13-37
252            android:grantUriPermissions="true" >
252-->[com.github.CanHub:Android-Image-Cropper:4.3.0] AndroidManifest.xml:27:13-47
253            <meta-data
253-->[:expo-file-system] AndroidManifest.xml:27:13-29:70
254                android:name="android.support.FILE_PROVIDER_PATHS"
254-->[:expo-file-system] AndroidManifest.xml:28:17-67
255                android:resource="@xml/library_file_paths" />
255-->[:expo-file-system] AndroidManifest.xml:29:17-67
256        </provider> <!-- This is here because the library did not update yet to Android 12 so we force the exported value when merging manifests -->
257        <activity
257-->[com.github.CanHub:Android-Image-Cropper:4.3.0] AndroidManifest.xml:38:9-45:20
258            android:name="androidx.test.core.app.InstrumentationActivityInvoker$BootstrapActivity"
258-->[com.github.CanHub:Android-Image-Cropper:4.3.0] AndroidManifest.xml:39:13-99
259            android:exported="true"
259-->[com.github.CanHub:Android-Image-Cropper:4.3.0] AndroidManifest.xml:40:13-36
260            android:theme="@android:style/Theme" >
260-->[com.github.CanHub:Android-Image-Cropper:4.3.0] AndroidManifest.xml:41:13-49
261            <intent-filter>
261-->[com.github.CanHub:Android-Image-Cropper:4.3.0] AndroidManifest.xml:42:13-44:29
262                <action android:name="android.intent.action.MAIN" />
262-->src\main\AndroidManifest.xml:26:9-60
262-->src\main\AndroidManifest.xml:26:17-58
263            </intent-filter>
264        </activity>
265        <activity
265-->[com.github.CanHub:Android-Image-Cropper:4.3.0] AndroidManifest.xml:46:9-53:20
266            android:name="androidx.test.core.app.InstrumentationActivityInvoker$EmptyActivity"
266-->[com.github.CanHub:Android-Image-Cropper:4.3.0] AndroidManifest.xml:47:13-95
267            android:exported="true"
267-->[com.github.CanHub:Android-Image-Cropper:4.3.0] AndroidManifest.xml:48:13-36
268            android:theme="@android:style/Theme" >
268-->[com.github.CanHub:Android-Image-Cropper:4.3.0] AndroidManifest.xml:49:13-49
269            <intent-filter>
269-->[com.github.CanHub:Android-Image-Cropper:4.3.0] AndroidManifest.xml:42:13-44:29
270                <action android:name="android.intent.action.MAIN" />
270-->src\main\AndroidManifest.xml:26:9-60
270-->src\main\AndroidManifest.xml:26:17-58
271            </intent-filter>